<?xml version="1.0" encoding="UTF-8"?>
<!-- Generated by org.testng.reporters.JUnitReportReporter -->
<testsuite hostname="DESKTOP-5OJ638R" failures="0" tests="1" name="Requests.SumValidation" time="2.925" errors="0" timestamp="2023-03-02T19:31:48 IST" skipped="0">
  <testcase classname="Requests.SumValidation" name="sumOfCources" time="2.925"/>
  <system-out/>
</testsuite> <!-- Requests.SumValidation -->
