<?xml version="1.0" encoding="UTF-8"?>
<!-- Generated by org.testng.reporters.JUnitReportReporter -->
<testsuite hostname="DESKTOP-5OJ638R" failures="0" tests="1" name="Requests.AddPlaceRequest" time="5.453" errors="0" timestamp="2023-02-27T23:16:08 IST" skipped="0">
  <testcase classname="Requests.AddPlaceRequest" name="AddPlace" time="5.453"/>
  <system-out/>
</testsuite> <!-- Requests.AddPlaceRequest -->
