<?xml version="1.0" encoding="UTF-8"?>
<!-- Generated by org.testng.reporters.JUnitReportReporter -->
<testsuite hostname="DESKTOP-5OJ638R" failures="0" tests="1" name="Requests.SendingFileAsPayLoad" time="5.602" errors="0" timestamp="2023-03-03T15:24:22 IST" skipped="0">
  <testcase classname="Requests.SendingFileAsPayLoad" name="AddPlacewithFilePayload" time="5.602"/>
  <system-out/>
</testsuite> <!-- Requests.SendingFileAsPayLoad -->
